<?xml version="1.0" encoding="UTF-8"?>
<!-- Generated by org.testng.reporters.JUnitXMLReporter -->
<testsuite ignored="0" hostname="Md-Nazmul-Islam" failures="1" tests="1" name="Test1" time="44.838" errors="0" timestamp="2022-01-29T21:23:13 EST">
  <testcase classname="testCases.TC_LoginTest_001" name="LoginTest" time="42.506">
    <failure type="java.lang.AssertionError" message="expected [true] but found [false]">
      <![CDATA[java.lang.AssertionError: expected [true] but found [false]
at testCases.TC_LoginTest_001.LoginTest(TC_LoginTest_001.java:44)
at java.base/java.util.ArrayList.forEach(ArrayList.java:1541)
... Removed 34 stack frames]]>
    </failure>
  </testcase> <!-- LoginTest -->
</testsuite> <!-- Test1 -->
