<?xml version="1.0" encoding="UTF-8"?>
<testng-results ignored="0" total="1" passed="1" failed="0" skipped="0">
  <reporter-output>
  </reporter-output>
  <suite started-at="2022-01-31T21:07:05 EST" name="Default suite" finished-at="2022-01-31T21:07:05 EST" duration-ms="32">
    <groups>
    </groups>
    <test started-at="2022-01-31T21:07:05 EST" name="Default test" finished-at="2022-01-31T21:07:05 EST" duration-ms="32">
      <class name="testNGProject.Globalvalue_Property_File">
        <test-method signature="InvokePropertyFile()[pri:0, instance:testNGProject.Globalvalue_Property_File@18d87d80]" started-at="2022-01-31T21:07:05 EST" name="InvokePropertyFile" finished-at="2022-01-31T21:07:05 EST" duration-ms="5" status="PASS">
          <reporter-output>
          </reporter-output>
        </test-method> <!-- InvokePropertyFile -->
      </class> <!-- testNGProject.Globalvalue_Property_File -->
    </test> <!-- Default test -->
  </suite> <!-- Default suite -->
</testng-results>
